<?xml version="1.0" encoding="UTF-8"?>
<!-- Generated by org.testng.reporters.JUnitReportReporter -->
<testsuite hostname="DESKTOP-CASA" failures="0" tests="2" name="com.javapuro.Stream_Java" time="0.014" errors="0" timestamp="22 Aug 2021 15:18:27 GMT">
  <testcase classname="com.javapuro.Stream_Java" name="countNames" time="0.011"/>
  <testcase classname="com.javapuro.Stream_Java" name="streamNames" time="0.003"/>
</testsuite> <!-- com.javapuro.Stream_Java -->
