<?xml version="1.0" encoding="UTF-8"?>
<!-- Generated by org.testng.reporters.JUnitReportReporter -->
<testsuite hostname="DESKTOP-CASA" failures="0" tests="1" name="com.testng.Demo_TestNg3" time="0.002" errors="0" timestamp="5 Sep 2021 05:14:36 GMT">
  <testcase classname="com.testng.Demo_TestNg3" name="testCelular3" time="0.002"/>
</testsuite> <!-- com.testng.Demo_TestNg3 -->
