<?xml version="1.0" encoding="UTF-8"?>
<!-- Generated by org.testng.reporters.JUnitReportReporter -->
<testsuite hostname="DESKTOP-CASA" failures="0" tests="2" name="com.javapuro.Map_Java" time="0.023" errors="0" timestamp="29 Aug 2021 04:42:41 GMT">
  <testcase classname="com.javapuro.Map_Java" name="mapTest" time="0.017"/>
  <testcase classname="com.javapuro.Map_Java" name="streamCollect" time="0.006"/>
</testsuite> <!-- com.javapuro.Map_Java -->
