<?xml version="1.0" encoding="UTF-8"?>
<!-- Generated by org.testng.reporters.JUnitReportReporter -->
<testsuite hostname="DESKTOP-CASA" failures="0" tests="2" name="com.javapuro.Stream_Java" time="0.017" errors="0" timestamp="28 Aug 2021 03:36:21 GMT">
  <testcase classname="com.javapuro.Stream_Java" name="countNames" time="0.011"/>
  <testcase classname="com.javapuro.Stream_Java" name="streamNames" time="0.006"/>
</testsuite> <!-- com.javapuro.Stream_Java -->
