<?xml version="1.0" encoding="UTF-8"?>
<!-- Generated by org.testng.reporters.JUnitReportReporter -->
<testsuite hostname="DESKTOP-CASA" failures="0" tests="2" name="com.testng.Demo_TestNg" time="0.015" errors="0" timestamp="14 Aug 2021 19:57:10 GMT">
  <testcase classname="com.testng.Demo_TestNg" name="test1" time="0.012"/>
  <testcase classname="com.testng.Demo_TestNg" name="test2" time="0.003"/>
</testsuite> <!-- com.testng.Demo_TestNg -->
