<?xml version="1.0" encoding="UTF-8"?>
<!-- Generated by org.testng.reporters.JUnitReportReporter -->
<testsuite hostname="DESKTOP-6EN4JMV" name="com.testng.Demo_TestNg" tests="2" failures="0" timestamp="14 Sep 2021 22:58:07 GMT" time="0.008" errors="0">
  <testcase name="test1" time="0.006" classname="com.testng.Demo_TestNg"/>
  <testcase name="test2" time="0.002" classname="com.testng.Demo_TestNg"/>
</testsuite> <!-- com.testng.Demo_TestNg -->
