<?xml version="1.0" encoding="UTF-8"?>
<!-- Generated by org.testng.reporters.JUnitReportReporter -->
<testsuite hostname="DESKTOP-CASA" failures="0" tests="2" name="com.testng.Demo_TestNg" time="0.006" errors="0" timestamp="5 Sep 2021 05:05:00 GMT">
  <testcase classname="com.testng.Demo_TestNg" name="test2" time="0.001"/>
  <testcase classname="com.testng.Demo_TestNg" name="test1" time="0.005"/>
</testsuite> <!-- com.testng.Demo_TestNg -->
