<?xml version="1.0" encoding="UTF-8"?>
<!-- Generated by org.testng.reporters.JUnitReportReporter -->
<testsuite hostname="DESKTOP-CASA" failures="0" tests="3" name="com.testng.Demo_TestNg4" time="0.004" errors="0" timestamp="14 Aug 2021 19:57:10 GMT">
  <testcase classname="com.testng.Demo_TestNg4" name="testAPI" time="0.001"/>
  <testcase classname="com.testng.Demo_TestNg4" name="testWeb" time="0.002"/>
  <testcase classname="com.testng.Demo_TestNg4" name="testCelular" time="0.001"/>
</testsuite> <!-- com.testng.Demo_TestNg4 -->
