<?xml version="1.0" encoding="UTF-8"?>
<!-- Generated by org.testng.reporters.JUnitReportReporter -->
<testsuite hostname="DESKTOP-CASA" failures="0" tests="1" name="com.testng.Demo_TestNg2" time="0.001" errors="0" timestamp="14 Aug 2021 19:57:10 GMT">
  <testcase classname="com.testng.Demo_TestNg2" name="test3" time="0.001"/>
</testsuite> <!-- com.testng.Demo_TestNg2 -->
