<?xml version="1.0" encoding="UTF-8"?>
<!-- Generated by org.testng.reporters.JUnitReportReporter -->
<testsuite hostname="DESKTOP-6EN4JMV" name="com.testng.Demo_TestNg4" tests="3" failures="0" timestamp="14 Sep 2021 22:58:07 GMT" time="0.005" errors="0">
  <testcase name="testAPI" time="0.002" classname="com.testng.Demo_TestNg4"/>
  <testcase name="testCelular" time="0.002" classname="com.testng.Demo_TestNg4"/>
  <testcase name="testWeb" time="0.001" classname="com.testng.Demo_TestNg4"/>
</testsuite> <!-- com.testng.Demo_TestNg4 -->
