<?xml version="1.0" encoding="UTF-8"?>
<!-- Generated by org.testng.reporters.JUnitReportReporter -->
<testsuite hostname="DESKTOP-6EN4JMV" name="com.testng.Demo_TestNg2" tests="1" failures="0" timestamp="14 Sep 2021 22:58:07 GMT" time="0.005" errors="0">
  <testcase name="test3" time="0.005" classname="com.testng.Demo_TestNg2"/>
</testsuite> <!-- com.testng.Demo_TestNg2 -->
